# ./configure --extra-libs=-lGLEW -lglut
ALLIANCE_TOP=/opt/alliance-5.0
ALSA_PLUGINS_DIR=/usr/lib/alsa-lib
ARCH_EXT_LIST='
    altivec
    armv5te
    armv6
    armvfp
    iwmmxt
    mmi
    mmx
    mmx2
    neon
    ssse3
    vis
'
ARCH_LIST='
    alpha
    armv4l
    bfin
    ia64
    m68k
    mips
    parisc
    powerpc
    s390
    sh4
    sparc
    sparc64
    x86
    x86_32
    x86_64
'
AWT_TOOLKIT=MToolkit
BASH=/bin/sh
BASHOPTS=cmdhist:extquote:force_fignore:hostcomplete:interactive_comments:progcomp:promptvars:sourcepath
BASH_ALIASES=()
BASH_ARGC=([0]="1")
BASH_ARGV=([0]="--extra-libs=-lGLEW -lglut")
BASH_CMDS=()
BASH_LINENO=([0]="0")
BASH_SOURCE=([0]="./configure")
BASH_VERSINFO=([0]="4" [1]="1" [2]="5" [3]="2" [4]="release" [5]="i686-pc-linux-gnu")
BASH_VERSION='4.1.5(2)-release'
BSF_LIST='dump_extradata_bsf
h264_mp4toannexb_bsf
imx_dump_header_bsf
mjpega_dump_header_bsf
mp3_header_compress_bsf
mp3_header_decompress_bsf
mov2textsub_bsf
noise_bsf
remove_extradata_bsf
text2movsub_bsf'
CMDLINE_SELECT='
    
    altivec
    armv5te
    armv6
    armvfp
    iwmmxt
    mmi
    mmx
    mmx2
    neon
    ssse3
    vis

    
    
    bsfs
    decoders
    demuxers
    encoders
    filters
    indevs
    muxers
    outdevs
    parsers
    protocols

    avfilter
    avfilter_lavf
    avisynth
    beos_netserver
    bzlib
    ffmpeg
    ffplay
    ffserver
    gpl
    gprof
    gray
    hardcoded_tables
    ipv6
    liba52
    liba52bin
    libamr_nb
    libamr_wb
    libdc1394
    libdirac
    libfaac
    libfaad
    libfaadbin
    libgsm
    libmp3lame
    libnut
    libschroedinger
    libtheora
    libvorbis
    libx264
    libxvid
    memalign_hack
    mlib
    mpegaudio_hp
    network
    nonfree
    postproc
    powerpc_perf
    small
    swscale
    vhook
    x11grab
    zlib

    
    beosthreads
    os2threads
    pthreads
    w32threads

    cross_compile
    debug
    extra_warnings
    logging
    optimizations
    shared
    static
    stripping
'
CMDLINE_SET='
    
    bindir
    incdir
    libdir
    mandir
    prefix
    shlibdir

    arch
    build_suffix
    cc
    cpu
    cross_prefix
    logfile
    source_path
    target_os
'
COLORFGBG='default;default'
COLORTERM=rxvt
COMPONENT_LIST='
    bsfs
    decoders
    demuxers
    encoders
    filters
    indevs
    muxers
    outdevs
    parsers
    protocols
'
CONFIG_LIST='
    
    bsfs
    decoders
    demuxers
    encoders
    filters
    indevs
    muxers
    outdevs
    parsers
    protocols

    avfilter
    avfilter_lavf
    avisynth
    beos_netserver
    bzlib
    ffmpeg
    ffplay
    ffserver
    gpl
    gprof
    gray
    hardcoded_tables
    ipv6
    liba52
    liba52bin
    libamr_nb
    libamr_wb
    libdc1394
    libdirac
    libfaac
    libfaad
    libfaadbin
    libgsm
    libmp3lame
    libnut
    libschroedinger
    libtheora
    libvorbis
    libx264
    libxvid
    memalign_hack
    mlib
    mpegaudio_hp
    network
    nonfree
    postproc
    powerpc_perf
    small
    swscale
    vhook
    x11grab
    zlib
'
DECODER_LIST='aasc_decoder
amv_decoder
asv1_decoder
asv2_decoder
avs_decoder
bethsoftvid_decoder
bfi_decoder
bmp_decoder
c93_decoder
cavs_decoder
cinepak_decoder
cljr_decoder
cscd_decoder
cyuv_decoder
dnxhd_decoder
dsicinvideo_decoder
dvvideo_decoder
dxa_decoder
eightbps_decoder
eightsvx_exp_decoder
eightsvx_fib_decoder
escape124_decoder
ffv1_decoder
ffvhuff_decoder
flashsv_decoder
flic_decoder
flv_decoder
fourxm_decoder
fraps_decoder
gif_decoder
h261_decoder
h263_decoder
h263i_decoder
h264_decoder
huffyuv_decoder
idcin_decoder
indeo2_decoder
indeo3_decoder
interplay_video_decoder
jpegls_decoder
kmvc_decoder
loco_decoder
mdec_decoder
mimic_decoder
mjpeg_decoder
mjpegb_decoder
mmvideo_decoder
mpeg_xvmc_decoder
mpeg1video_decoder
mpeg2video_decoder
mpeg4_decoder
mpegvideo_decoder
msmpeg4v1_decoder
msmpeg4v2_decoder
msmpeg4v3_decoder
msrle_decoder
msvideo1_decoder
mszh_decoder
nuv_decoder
pcx_decoder
png_decoder
ptx_decoder
qdraw_decoder
qpeg_decoder
qtrle_decoder
rawvideo_decoder
rl2_decoder
roq_decoder
rpza_decoder
rv10_decoder
rv20_decoder
sgi_decoder
smacker_decoder
smc_decoder
snow_decoder
sp5x_decoder
sunrast_decoder
svq1_decoder
svq3_decoder
targa_decoder
theora_decoder
thp_decoder
tiertexseqvideo_decoder
tiff_decoder
truemotion1_decoder
truemotion2_decoder
tscc_decoder
txd_decoder
ulti_decoder
vb_decoder
vc1_decoder
vcr1_decoder
vmdvideo_decoder
vmnc_decoder
vp3_decoder
vp5_decoder
vp6_decoder
vp6a_decoder
vp6f_decoder
vqa_decoder
wmv1_decoder
wmv2_decoder
wmv3_decoder
wnv1_decoder
xan_wc3_decoder
xl_decoder
xsub_decoder
zlib_decoder
zmbv_decoder
ac3_decoder
alac_decoder
ape_decoder
atrac3_decoder
cook_decoder
dca_decoder
dsicinaudio_decoder
flac_decoder
imc_decoder
mace3_decoder
mace6_decoder
mp2_decoder
mp3_decoder
mp3adu_decoder
mp3on4_decoder
mpc7_decoder
mpc8_decoder
nellymoser_decoder
qdm2_decoder
ra_144_decoder
ra_288_decoder
shorten_decoder
smackaud_decoder
sonic_decoder
truespeech_decoder
tta_decoder
vmdaudio_decoder
vorbis_decoder
wavpack_decoder
wmav1_decoder
wmav2_decoder
ws_snd1_decoder
pcm_alaw_decoder
pcm_dvd_decoder
pcm_mulaw_decoder
pcm_s8_decoder
pcm_s16be_decoder
pcm_s16le_decoder
pcm_s16le_planar_decoder
pcm_s24be_decoder
pcm_s24daud_decoder
pcm_s24le_decoder
pcm_s32be_decoder
pcm_s32le_decoder
pcm_u8_decoder
pcm_u16be_decoder
pcm_u16le_decoder
pcm_u24be_decoder
pcm_u24le_decoder
pcm_u32be_decoder
pcm_u32le_decoder
pcm_zork_decoder
interplay_dpcm_decoder
roq_dpcm_decoder
sol_dpcm_decoder
xan_dpcm_decoder
adpcm_4xm_decoder
adpcm_adx_decoder
adpcm_ct_decoder
adpcm_ea_decoder
adpcm_ea_maxis_xa_decoder
adpcm_ea_r1_decoder
adpcm_ea_r2_decoder
adpcm_ea_r3_decoder
adpcm_ea_xas_decoder
adpcm_g726_decoder
adpcm_ima_amv_decoder
adpcm_ima_dk3_decoder
adpcm_ima_dk4_decoder
adpcm_ima_ea_eacs_decoder
adpcm_ima_ea_sead_decoder
adpcm_ima_qt_decoder
adpcm_ima_smjpeg_decoder
adpcm_ima_wav_decoder
adpcm_ima_ws_decoder
adpcm_ms_decoder
adpcm_sbpro_2_decoder
adpcm_sbpro_3_decoder
adpcm_sbpro_4_decoder
adpcm_swf_decoder
adpcm_thp_decoder
adpcm_xa_decoder
adpcm_yamaha_decoder
dvbsub_decoder
dvdsub_decoder
liba52_decoder
libamr_nb_decoder
libamr_wb_decoder
libdirac_decoder
libfaad_decoder
libgsm_decoder
libgsm_ms_decoder
libschroedinger_decoder
mpeg4aac_decoder'
DEMUXER_LIST='aac_demuxer
ac3_demuxer
aiff_demuxer
amr_demuxer
apc_demuxer
ape_demuxer
asf_demuxer
au_demuxer
avi_demuxer
avisynth_demuxer
avs_demuxer
bethsoftvid_demuxer
bfi_demuxer
c93_demuxer
daud_demuxer
dirac_demuxer
dsicin_demuxer
dts_demuxer
dv_demuxer
dxa_demuxer
ea_demuxer
ea_cdata_demuxer
ffm_demuxer
flac_demuxer
flic_demuxer
flv_demuxer
fourxm_demuxer
gif_demuxer
gsm_demuxer
gxf_demuxer
h261_demuxer
h263_demuxer
h264_demuxer
idcin_demuxer
iff_demuxer
image2_demuxer
image2pipe_demuxer
ingenient_demuxer
ipmovie_demuxer
lmlm4_demuxer
m4v_demuxer
matroska_demuxer
mjpeg_demuxer
mlp_demuxer
mm_demuxer
mmf_demuxer
mov_demuxer
mp3_demuxer
mpc_demuxer
mpc8_demuxer
mpegps_demuxer
mpegts_demuxer
mpegtsraw_demuxer
mpegvideo_demuxer
msnwc_tcp_demuxer
mtv_demuxer
mxf_demuxer
nsv_demuxer
nut_demuxer
nuv_demuxer
ogg_demuxer
pcm_alaw_demuxer
pcm_mulaw_demuxer
pcm_s16be_demuxer
pcm_s16le_demuxer
pcm_s8_demuxer
pcm_u16be_demuxer
pcm_u16le_demuxer
pcm_u8_demuxer
pva_demuxer
rawvideo_demuxer
redir_demuxer
rl2_demuxer
rm_demuxer
roq_demuxer
rpl_demuxer
rtsp_demuxer
sdp_demuxer
segafilm_demuxer
shorten_demuxer
siff_demuxer
smacker_demuxer
sol_demuxer
str_demuxer
swf_demuxer
thp_demuxer
tiertexseq_demuxer
tta_demuxer
txd_demuxer
vc1_demuxer
vc1t_demuxer
vmd_demuxer
voc_demuxer
wav_demuxer
wc3_demuxer
wsaud_demuxer
wsvqa_demuxer
wv_demuxer
xa_demuxer
yuv4mpegpipe_demuxer
libnut_demuxer'
DEPEND_CMD='$(CC) $(CFLAGS) -MM -MG $< | sed -e "/^\#.*/d" -e "1s,^,$(@D)/,"'
DIRSTACK=()
DISPLAY=:0.0
DREAL_TECHNO_NAME=/opt/alliance-5.0/etc/cmos.dreal
E1=0
E2=1
EDITOR=/usr/bin/vim
ELP_TECHNO_NAME=/opt/alliance-5.0/etc/prol.elp
ENCODER_LIST='asv1_encoder
asv2_encoder
bmp_encoder
dnxhd_encoder
dvvideo_encoder
ffv1_encoder
ffvhuff_encoder
flashsv_encoder
flv_encoder
gif_encoder
h261_encoder
h263_encoder
h263p_encoder
huffyuv_encoder
jpegls_encoder
ljpeg_encoder
mjpeg_encoder
mpeg1video_encoder
mpeg2video_encoder
mpeg4_encoder
msmpeg4v1_encoder
msmpeg4v2_encoder
msmpeg4v3_encoder
pam_encoder
pbm_encoder
pgm_encoder
pgmyuv_encoder
png_encoder
ppm_encoder
qtrle_encoder
rawvideo_encoder
roq_encoder
rv10_encoder
rv20_encoder
sgi_encoder
snow_encoder
svq1_encoder
targa_encoder
tiff_encoder
wmv1_encoder
wmv2_encoder
zlib_encoder
zmbv_encoder
ac3_encoder
flac_encoder
mp2_encoder
sonic_encoder
sonic_ls_encoder
vorbis_encoder
wmav1_encoder
wmav2_encoder
pcm_alaw_encoder
pcm_mulaw_encoder
pcm_s8_encoder
pcm_s16be_encoder
pcm_s16le_encoder
pcm_s24be_encoder
pcm_s24daud_encoder
pcm_s24le_encoder
pcm_s32be_encoder
pcm_s32le_encoder
pcm_u8_encoder
pcm_u16be_encoder
pcm_u16le_encoder
pcm_u24be_encoder
pcm_u24le_encoder
pcm_u32be_encoder
pcm_u32le_encoder
pcm_zork_encoder
roq_dpcm_encoder
adpcm_adx_encoder
adpcm_g726_encoder
adpcm_ima_qt_encoder
adpcm_ima_wav_encoder
adpcm_ms_encoder
adpcm_swf_encoder
adpcm_yamaha_encoder
dvbsub_encoder
dvdsub_encoder
libamr_nb_encoder
libamr_wb_encoder
libdirac_encoder
libfaac_encoder
libgsm_encoder
libgsm_ms_encoder
libmp3lame_encoder
libschroedinger_encoder
libtheora_encoder
libvorbis_encoder
libx264_encoder
libxvid_encoder'
EUID=1000
FFMPEG_CONFIGURATION='--extra-libs=-lGLEW -lglut'
FFSERVERLDFLAGS=-Wl,-E
FILTER_LIST=crop_filter
FULLNAME='$(NAME)$(BUILDSUF)'
GENVIEW_TECHNO_NAME=/opt/alliance-5.0/etc/cmos.genview
GRAAL_TECHNO_NAME=/opt/alliance-5.0/etc/cmos.graal
GROUPS=()
G_BROKEN_FILENAMES=1
HAVE_LIST='
    
    altivec
    armv5te
    armv6
    armvfp
    iwmmxt
    mmi
    mmx
    mmx2
    neon
    ssse3
    vis

    
    beosthreads
    os2threads
    pthreads
    w32threads

    altivec_h
    altivec_vector_braces
    arpa_inet_h
    bswap
    byteswap_h
    closesocket
    cmov
    conio_h
    dcbzl
    dev_bktr_ioctl_bt848_h
    dev_bktr_ioctl_meteor_h
    dev_ic_bt8xx_h
    dev_video_meteor_ioctl_meteor_h
    dev_video_bktr_ioctl_bt848_h
    dlfcn_h
    dlopen
    ebp_available
    ebx_available
    fast_64bit
    fast_cmov
    fast_unaligned
    fork
    freetype2
    gethrtime
    GetProcessTimes
    getrusage
    imlib2
    inet_aton
    inline_asm
    libdc1394_1
    libdc1394_2
    llrint
    lrint
    lrintf
    machine_ioctl_bt848_h
    machine_ioctl_meteor_h
    malloc_h
    memalign
    mkstemp
    pld
    ppc64
    round
    roundf
    sdl
    sdl_video_size
    socklen_t
    soundcard_h
    poll_h
    sys_mman_h
    sys_resource_h
    sys_select_h
    sys_soundcard_h
    termios_h
    threads
    winsock2_h
'
HG=/usr/bin/hg
HISTCONTROL=erasedups
HISTSIZE=5000
HOME=/home/kaspar
HOSTNAME=arch
HOSTTYPE=i686
HUSHLOGIN=FALSE
IFS=' 	
'
INDEV_LIST='audio_beos_demuxer
bktr_demuxer
dv1394_demuxer
oss_demuxer
v4l2_demuxer
v4l_demuxer
vfwcap_demuxer
x11_grab_device_demuxer
libdc1394_demuxer'
INPUTRC=/etc/inputrc
J2REDIR=/usr/lib/jvm/java-6-openjdk/jre
J2SDKDIR=/usr/lib/jvm/java-6-openjdk
JAVA_HOME=/usr/lib/jvm/java-6-openjdk
LANG=en_GB.utf8
LC_COLLATE=C
LDLATEFLAGS='-Wl,-rpath-link,\$(BUILD_ROOT)/libpostproc -Wl,-rpath-link,\$(BUILD_ROOT)/libswscale -Wl,-rpath-link,\$(BUILD_ROOT)/libavfilter -Wl,-rpath-link,\$(BUILD_ROOT)/libavdevice -Wl,-rpath-link,\$(BUILD_ROOT)/libavformat -Wl,-rpath-link,\$(BUILD_ROOT)/libavcodec -Wl,-rpath-link,\$(BUILD_ROOT)/libavutil'
LD_LIBRARY_PATH=/opt/alliance-5.0/lib
LESS=-R
LESSOPEN='|/usr/bin/lesspipe.sh %s'
LIBNAME='$(LIBPREF)$(FULLNAME)$(LIBSUF)'
LIBPREF=lib
LIBSUF=.a
LIB_INSTALL_EXTRA_CMD='$(RANLIB) "$(LIBDIR)/$(LIBNAME)"'
LOGNAME=kaspar
MACHTYPE=i686-pc-linux-gnu
MAIL=/var/spool/mail/kaspar
MBK_C4_LIB=./cellsC4
MBK_CATAL_NAME=CATAL
MBK_CATA_LIB=.:/opt/alliance-5.0/cells/sxlib:/opt/alliance-5.0/cells/dp_sxlib:/opt/alliance-5.0/cells/rflib:/opt/alliance-5.0/cells/rf2lib:/opt/alliance-5.0/cells/ramlib:/opt/alliance-5.0/cells/romlib:/opt/alliance-5.0/cells/pxlib:/opt/alliance-5.0/cells/padlib
MBK_IN_LO=vst
MBK_IN_PH=ap
MBK_OUT_LO=vst
MBK_OUT_PH=ap
MBK_SCALE_X=100
MBK_SPI_MODEL=/opt/alliance-5.0/etc/spimodel.cfg
MBK_TARGET_LIB=/opt/alliance-5.0/cells/sxlib
MBK_VDD=vdd
MBK_VSS=vss
MBK_WORK_LIB=.
MOZ_PLUGIN_PATH=/usr/lib/mozilla/plugins
MUXER_LIST='ac3_muxer
adts_muxer
aiff_muxer
amr_muxer
asf_muxer
asf_stream_muxer
au_muxer
avi_muxer
avm2_muxer
crc_muxer
dirac_muxer
dts_muxer
dv_muxer
ffm_muxer
flac_muxer
flv_muxer
framecrc_muxer
gif_muxer
gxf_muxer
h261_muxer
h263_muxer
h264_muxer
image2_muxer
image2pipe_muxer
ipod_muxer
m4v_muxer
matroska_muxer
matroska_audio_muxer
mjpeg_muxer
mmf_muxer
mov_muxer
mp2_muxer
mp3_muxer
mp4_muxer
mpeg1system_muxer
mpeg1vcd_muxer
mpeg1video_muxer
mpeg2dvd_muxer
mpeg2svcd_muxer
mpeg2video_muxer
mpeg2vob_muxer
mpegts_muxer
mpjpeg_muxer
null_muxer
nut_muxer
ogg_muxer
pcm_alaw_muxer
pcm_mulaw_muxer
pcm_s16be_muxer
pcm_s16le_muxer
pcm_s8_muxer
pcm_u16be_muxer
pcm_u16le_muxer
pcm_u8_muxer
psp_muxer
rawvideo_muxer
rm_muxer
roq_muxer
rtp_muxer
swf_muxer
tg2_muxer
tgp_muxer
voc_muxer
wav_muxer
yuv4mpegpipe_muxer
libnut_muxer'
OOO_FORCE_DESKTOP=gnome
OPTERR=1
OPTIND=1
OSTYPE=linux-gnu
OUTDEV_LIST='audio_beos_muxer
oss_muxer'
PARSER_LIST='aac_parser
ac3_parser
cavsvideo_parser
dca_parser
dirac_parser
dvbsub_parser
dvdsub_parser
h261_parser
h263_parser
h264_parser
mjpeg_parser
mlp_parser
mpeg4video_parser
mpegaudio_parser
mpegvideo_parser
pnm_parser
vc1_parser'
PATH=/bin:/usr/bin:/sbin:/usr/sbin:/opt/alliance-5.0/bin:/opt/kde/bin:/usr/bin/perlbin/site:/usr/bin/perlbin/vendor:/usr/bin/perlbin/core:/opt/qt/bin:/home/kaspar/.cabal/bin/:/home/kaspar/bin/:/home/kaspar/.cabal/bin/:/home/kaspar/bin/
PATHS_LIST='
    bindir
    incdir
    libdir
    mandir
    prefix
    shlibdir
'
PIPESTATUS=([0]="0")
PKG_CONFIG_PATH=/usr/lib/pkgconfig:/opt/qt/lib/pkgconfig
POSIXLY_CORRECT=y
PPID=14592
PROMPT_COMMAND='z --add "$(pwd -P)";echo -ne "\033]0;${USER}@${HOSTNAME%%.*}:${PWD/$HOME/~}\007"'
PROTOCOL_LIST='file_protocol
http_protocol
pipe_protocol
rtp_protocol
tcp_protocol
udp_protocol'
PS3='> '
PS4='+ '
PWD=/home/kaspar/project/gsoc_co3/gsoc_co2
PYTHONPATH=/usr/lib/python2.6::/usr/lib/openoffice/basis-link/program/
QTDIR=/opt/qt
QT_XFT=true
RDS_IN=cif
RDS_OUT=cif
RDS_TECHNO_NAME=/opt/alliance-5.0/etc/cmos.rds
SHELL=/bin/bash
SHELLOPTS=braceexpand:hashall:interactive-comments:posix
SHFLAGS='-shared -Wl,-soname,$$(@F)'
SHLVL=4
SLIBNAME='$(SLIBPREF)$(FULLNAME)$(SLIBSUF)'
SLIBNAME_WITH_MAJOR='$(SLIBNAME).$(LIBMAJOR)'
SLIBNAME_WITH_VERSION='$(SLIBNAME).$(LIBVERSION)'
SLIBPREF=lib
SLIBSUF=.so
TERM=xterm-256color
TERMINFO=/usr/share/terminfo
THREADS_LIST='
    beosthreads
    os2threads
    pthreads
    w32threads
'
UID=1000
USER=kaspar
VHOOKSHFLAGS='$(SHFLAGS)'
VH_BEHSFX=vbe
VH_DLYSFX=dly
VH_MAXERR=10
VH_PATSFX=pat
WINDOWID=41943046
WINDOWPATH=8
XDG_CACHE_HOME=/home/kaspar/.cache
XDG_CONFIG_DIRS=/etc/xdg
XDG_CONFIG_HOME=/home/kaspar/.config
XDG_DATA_DIRS=/usr/share:/usr/local/share:/opt/kde/share
XDG_DATA_HOME=/home/kaspar/.local/share
XDG_SESSION_COOKIE=936cee2783445738c103d14b4a7b8a65-1272108701.670417-1995076905
XFSM_PARAM_NAME=/opt/alliance-5.0/etc/xfsm.par
XPAT_PARAM_NAME=/opt/alliance-5.0/etc/xpat.par
XSCH_PARAM_NAME=/opt/alliance-5.0/etc/xsch.par
_='# ./configure --extra-libs=-lGLEW -lglut'
aac_demuxer=yes
aac_parser=yes
aasc_decoder=yes
ac3_decoder=yes
ac3_decoder_deps=gpl
ac3_demuxer=yes
ac3_demuxer_deps=ac3_parser
ac3_encoder=yes
ac3_muxer=yes
ac3_parser=yes
adpcm_4xm_decoder=yes
adpcm_adx_decoder=yes
adpcm_adx_encoder=yes
adpcm_ct_decoder=yes
adpcm_ea_decoder=yes
adpcm_ea_maxis_xa_decoder=yes
adpcm_ea_r1_decoder=yes
adpcm_ea_r2_decoder=yes
adpcm_ea_r3_decoder=yes
adpcm_ea_xas_decoder=yes
adpcm_g726_decoder=yes
adpcm_g726_encoder=yes
adpcm_ima_amv_decoder=yes
adpcm_ima_dk3_decoder=yes
adpcm_ima_dk4_decoder=yes
adpcm_ima_ea_eacs_decoder=yes
adpcm_ima_ea_sead_decoder=yes
adpcm_ima_qt_decoder=yes
adpcm_ima_qt_encoder=yes
adpcm_ima_smjpeg_decoder=yes
adpcm_ima_wav_decoder=yes
adpcm_ima_wav_encoder=yes
adpcm_ima_ws_decoder=yes
adpcm_ms_decoder=yes
adpcm_ms_encoder=yes
adpcm_sbpro_2_decoder=yes
adpcm_sbpro_3_decoder=yes
adpcm_sbpro_4_decoder=yes
adpcm_swf_decoder=yes
adpcm_swf_encoder=yes
adpcm_thp_decoder=yes
adpcm_xa_decoder=yes
adpcm_yamaha_decoder=yes
adpcm_yamaha_encoder=yes
adts_muxer=yes
aiff_demuxer=yes
aiff_muxer=yes
alac_decoder=yes
altivec=yes
altivec_deps=powerpc
amr_demuxer=yes
amr_muxer=yes
amv_decoder=yes
apc_demuxer=yes
ape_decoder=yes
ape_demuxer=yes
ar=ar
arch=i686
armv5te=yes
armv5te_deps=armv4l
armv6=yes
armv6_deps=armv4l
armvfp=yes
armvfp_deps=armv4l
asf_demuxer=yes
asf_muxer=yes
asf_stream_muxer=yes
asmalign_pot=unknown
asv1_decoder=yes
asv1_encoder=yes
asv2_decoder=yes
asv2_encoder=yes
atrac3_decoder=yes
au_demuxer=yes
au_muxer=yes
audio_beos_demuxer=yes
audio_beos_demuxer_deps=audio_beos
audio_beos_demuxer_extralibs='-lmedia -lbe'
audio_beos_muxer=yes
audio_beos_muxer_deps=audio_beos
audio_beos_muxer_extralibs='-lmedia -lbe'
avi_demuxer=yes
avi_muxer=yes
avisynth_demuxer=yes
avisynth_demuxer_deps=avisynth
avm2_muxer=yes
avs_decoder=yes
avs_demuxer=yes
bethsoftvid_decoder=yes
bethsoftvid_demuxer=yes
bfi_decoder=yes
bfi_demuxer=yes
bindir_default='${prefix}/bin'
bktr_demuxer=yes
bktr_demuxer_deps_any='dev_bktr_ioctl_bt848_h machine_ioctl_bt848_h dev_video_bktr_ioctl_bt848_h dev_ic_bt8xx_h'
bmp_decoder=yes
bmp_encoder=yes
bzlib=yes
c93_decoder=yes
c93_demuxer=yes
cavs_decoder=yes
cavsvideo_parser=yes
cc=gcc
cinepak_decoder=yes
cljr_decoder=yes
cook_decoder=yes
cpu=generic
crc_muxer=yes
crop_filter=yes
cscd_decoder=yes
cyuv_decoder=yes
daud_demuxer=yes
dca_decoder=yes
dca_parser=yes
debug=yes
dirac_demuxer=yes
dirac_demuxer_deps=dirac_parser
dirac_muxer=yes
dirac_parser=yes
dnxhd_decoder=yes
dnxhd_encoder=yes
dsicin_demuxer=yes
dsicinaudio_decoder=yes
dsicinvideo_decoder=yes
dts_demuxer=yes
dts_muxer=yes
dump_extradata_bsf=yes
dv1394_demuxer=yes
dv1394_demuxer_deps='dv1394 dv_demuxer'
dv_demuxer=yes
dv_muxer=yes
dvbsub_decoder=yes
dvbsub_encoder=yes
dvbsub_parser=yes
dvdsub_decoder=yes
dvdsub_encoder=yes
dvdsub_parser=yes
dvvideo_decoder=yes
dvvideo_encoder=yes
dxa_decoder=yes
dxa_decoder_deps=zlib
dxa_demuxer=yes
ea_cdata_demuxer=yes
ea_demuxer=yes
eightbps_decoder=yes
eightsvx_exp_decoder=yes
eightsvx_fib_decoder=yes
escape124_decoder=yes
extralibs=' -lGLEW -lglut'
ffm_demuxer=yes
ffm_muxer=yes
ffmpeg=yes
ffplay=yes
ffplay_deps=sdl
ffserver=yes
ffserver_deps='ffm_muxer rtp_protocol rtsp_demuxer'
ffserver_extralibs='$ldl'
ffv1_decoder=yes
ffv1_encoder=yes
ffvhuff_decoder=yes
ffvhuff_encoder=yes
file_protocol=yes
flac_decoder=yes
flac_demuxer=yes
flac_encoder=yes
flac_muxer=yes
flashsv_decoder=yes
flashsv_decoder_deps=zlib
flashsv_encoder=yes
flashsv_encoder_deps=zlib
flic_decoder=yes
flic_demuxer=yes
flv_decoder=yes
flv_demuxer=yes
flv_encoder=yes
flv_muxer=yes
fourxm_decoder=yes
fourxm_demuxer=yes
framecrc_muxer=yes
fraps_decoder=yes
gif_decoder=yes
gif_demuxer=yes
gif_encoder=yes
gif_muxer=yes
gsm_demuxer=yes
gxf_demuxer=yes
gxf_muxer=yes
h261_decoder=yes
h261_demuxer=yes
h261_encoder=yes
h261_muxer=yes
h261_parser=yes
h263_decoder=yes
h263_demuxer=yes
h263_encoder=yes
h263_muxer=yes
h263_parser=yes
h263i_decoder=yes
h263p_encoder=yes
h264_decoder=yes
h264_demuxer=yes
h264_mp4toannexb_bsf=yes
h264_muxer=yes
h264_parser=yes
http_protocol=yes
http_protocol_deps=network
huffyuv_decoder=yes
huffyuv_encoder=yes
idcin_decoder=yes
idcin_demuxer=yes
iff_demuxer=yes
image2_demuxer=yes
image2_muxer=yes
image2pipe_demuxer=yes
image2pipe_muxer=yes
imc_decoder=yes
imx_dump_header_bsf=yes
incdir_default='${prefix}/include'
indeo2_decoder=yes
indeo3_decoder=yes
ingenient_demuxer=yes
interplay_dpcm_decoder=yes
interplay_video_decoder=yes
ipmovie_demuxer=yes
ipod_muxer=yes
ipv6=yes
iwmmxt=yes
iwmmxt_deps=armv4l
jpegls_decoder=yes
jpegls_encoder=yes
kmvc_decoder=yes
liba52_decoder=yes
liba52_decoder_deps=liba52
liba52bin_decoder_extralibs='$ldl'
libamr_nb_decoder=yes
libamr_nb_decoder_deps=libamr_nb
libamr_nb_encoder=yes
libamr_nb_encoder_deps=libamr_nb
libamr_wb_decoder=yes
libamr_wb_decoder_deps=libamr_wb
libamr_wb_encoder=yes
libamr_wb_encoder_deps=libamr_wb
libdc1394_demuxer=yes
libdc1394_demuxer_deps=libdc1394
libdir_default='${prefix}/lib'
libdirac_decoder=yes
libdirac_decoder_deps=libdirac
libdirac_encoder=yes
libdirac_encoder_deps=libdirac
libfaac_encoder=yes
libfaac_encoder_deps=libfaac
libfaad_decoder=yes
libfaad_decoder_deps=libfaad
libfaadbin_decoder_extralibs='$ldl'
libgsm_decoder=yes
libgsm_decoder_deps=libgsm
libgsm_encoder=yes
libgsm_encoder_deps=libgsm
libgsm_ms_decoder=yes
libgsm_ms_decoder_deps=libgsm
libgsm_ms_encoder=yes
libgsm_ms_encoder_deps=libgsm
libmp3lame_encoder=yes
libmp3lame_encoder_deps=libmp3lame
libnut_demuxer=yes
libnut_demuxer_deps=libnut
libnut_muxer=yes
libnut_muxer_deps=libnut
libschroedinger_decoder=yes
libschroedinger_decoder_deps=libschroedinger
libschroedinger_encoder=yes
libschroedinger_encoder_deps=libschroedinger
libtheora_encoder=yes
libtheora_encoder_deps=libtheora
libvorbis_encoder=yes
libvorbis_encoder_deps=libvorbis
libx264_encoder=yes
libx264_encoder_deps=libx264
libxvid_encoder=yes
libxvid_encoder_deps=libxvid
ljpeg_encoder=yes
lmlm4_demuxer=yes
ln_s='ln -sf'
loco_decoder=yes
logfile=config.err
m4v_demuxer=yes
m4v_muxer=yes
mace3_decoder=yes
mace6_decoder=yes
mandir_default='${prefix}/share/man'
matroska_audio_muxer=yes
matroska_demuxer=yes
matroska_muxer=yes
mdec_decoder=yes
mimic_decoder=yes
mjpeg_decoder=yes
mjpeg_demuxer=yes
mjpeg_encoder=yes
mjpeg_muxer=yes
mjpeg_parser=yes
mjpega_dump_header_bsf=yes
mjpegb_decoder=yes
mlp_demuxer=yes
mlp_parser=yes
mm_demuxer=yes
mmf_demuxer=yes
mmf_muxer=yes
mmi=yes
mmi_deps=mips
mmvideo_decoder=yes
mmx=yes
mmx2=yes
mmx2_deps='x86 mmx'
mmx_deps=x86
mov2textsub_bsf=yes
mov_demuxer=yes
mov_muxer=yes
movie_filter_deps=avfilter_lavf
mp2_decoder=yes
mp2_encoder=yes
mp2_muxer=yes
mp3_decoder=yes
mp3_demuxer=yes
mp3_demuxer_deps=mpegaudio_parser
mp3_header_compress_bsf=yes
mp3_header_decompress_bsf=yes
mp3_muxer=yes
mp3adu_decoder=yes
mp3on4_decoder=yes
mp4_muxer=yes
mpc7_decoder=yes
mpc8_decoder=yes
mpc8_demuxer=yes
mpc_demuxer=yes
mpeg1system_muxer=yes
mpeg1vcd_muxer=yes
mpeg1video_decoder=yes
mpeg1video_encoder=yes
mpeg1video_muxer=yes
mpeg2dvd_muxer=yes
mpeg2svcd_muxer=yes
mpeg2video_decoder=yes
mpeg2video_encoder=yes
mpeg2video_muxer=yes
mpeg2vob_muxer=yes
mpeg4_decoder=yes
mpeg4_encoder=yes
mpeg4aac_decoder=yes
mpeg4aac_decoder_deps=libfaad
mpeg4video_parser=yes
mpeg_xvmc_decoder=yes
mpeg_xvmc_decoder_deps=xvmc
mpegaudio_hp=yes
mpegaudio_parser=yes
mpegps_demuxer=yes
mpegts_demuxer=yes
mpegts_muxer=yes
mpegtsraw_demuxer=yes
mpegvideo_decoder=yes
mpegvideo_demuxer=yes
mpegvideo_parser=yes
mpjpeg_muxer=yes
msmpeg4v1_decoder=yes
msmpeg4v1_encoder=yes
msmpeg4v2_decoder=yes
msmpeg4v2_encoder=yes
msmpeg4v3_decoder=yes
msmpeg4v3_encoder=yes
msnwc_tcp_demuxer=yes
msrle_decoder=yes
msvideo1_decoder=yes
mszh_decoder=yes
mtv_demuxer=yes
mxf_demuxer=yes
nellymoser_decoder=yes
neon=yes
neon_deps=armv4l
network=yes
nm=nm
noise_bsf=yes
nsv_demuxer=yes
null_muxer=yes
nut_demuxer=yes
nut_muxer=yes
nuv_decoder=yes
nuv_demuxer=yes
ogg_demuxer=yes
ogg_muxer=yes
opt='--extra-libs=-lGLEW -lglut'
optimizations=yes
optval='-lGLEW -lglut'
oss_demuxer=yes
oss_demuxer_deps_any='soundcard_h sys_soundcard_h'
oss_muxer=yes
oss_muxer_deps_any='soundcard_h sys_soundcard_h'
pam_encoder=yes
pbm_encoder=yes
pcm_alaw_decoder=yes
pcm_alaw_demuxer=yes
pcm_alaw_encoder=yes
pcm_alaw_muxer=yes
pcm_dvd_decoder=yes
pcm_mulaw_decoder=yes
pcm_mulaw_demuxer=yes
pcm_mulaw_encoder=yes
pcm_mulaw_muxer=yes
pcm_s16be_decoder=yes
pcm_s16be_demuxer=yes
pcm_s16be_encoder=yes
pcm_s16be_muxer=yes
pcm_s16le_decoder=yes
pcm_s16le_demuxer=yes
pcm_s16le_encoder=yes
pcm_s16le_muxer=yes
pcm_s16le_planar_decoder=yes
pcm_s24be_decoder=yes
pcm_s24be_encoder=yes
pcm_s24daud_decoder=yes
pcm_s24daud_encoder=yes
pcm_s24le_decoder=yes
pcm_s24le_encoder=yes
pcm_s32be_decoder=yes
pcm_s32be_encoder=yes
pcm_s32le_decoder=yes
pcm_s32le_encoder=yes
pcm_s8_decoder=yes
pcm_s8_demuxer=yes
pcm_s8_encoder=yes
pcm_s8_muxer=yes
pcm_u16be_decoder=yes
pcm_u16be_demuxer=yes
pcm_u16be_encoder=yes
pcm_u16be_muxer=yes
pcm_u16le_decoder=yes
pcm_u16le_demuxer=yes
pcm_u16le_encoder=yes
pcm_u16le_muxer=yes
pcm_u24be_decoder=yes
pcm_u24be_encoder=yes
pcm_u24le_decoder=yes
pcm_u24le_encoder=yes
pcm_u32be_decoder=yes
pcm_u32be_encoder=yes
pcm_u32le_decoder=yes
pcm_u32le_encoder=yes
pcm_u8_decoder=yes
pcm_u8_demuxer=yes
pcm_u8_encoder=yes
pcm_u8_muxer=yes
pcm_zork_decoder=yes
pcm_zork_encoder=yes
pcx_decoder=yes
pgm_encoder=yes
pgmyuv_encoder=yes
pipe_protocol=yes
png_decoder=yes
png_decoder_deps=zlib
png_encoder=yes
png_encoder_deps=zlib
pnm_parser=yes
ppm_encoder=yes
prefix_default=/usr/local
protocols=yes
psp_muxer=yes
ptx_decoder=yes
pva_demuxer=yes
qdm2_decoder=yes
qdraw_decoder=yes
qpeg_decoder=yes
qtrle_decoder=yes
qtrle_encoder=yes
ra_144_decoder=yes
ra_288_decoder=yes
ranlib=ranlib
rawvideo_decoder=yes
rawvideo_demuxer=yes
rawvideo_encoder=yes
rawvideo_muxer=yes
redir_demuxer=yes
redir_demuxer_deps=network
remove_extradata_bsf=yes
rl2_decoder=yes
rl2_demuxer=yes
rm_demuxer=yes
rm_muxer=yes
roq_decoder=yes
roq_demuxer=yes
roq_dpcm_decoder=yes
roq_dpcm_encoder=yes
roq_encoder=yes
roq_muxer=yes
rpl_demuxer=yes
rpza_decoder=yes
rtp_muxer=yes
rtp_muxer_deps='network rtp_protocol'
rtp_protocol=yes
rtp_protocol_deps=udp_protocol
rtsp_demuxer=yes
rtsp_demuxer_deps=sdp_demuxer
rv10_decoder=yes
rv10_encoder=yes
rv20_decoder=yes
rv20_encoder=yes
sdp_demuxer=yes
sdp_demuxer_deps='rtp_protocol mpegts_demuxer'
segafilm_demuxer=yes
sgi_decoder=yes
sgi_encoder=yes
shlibdir_default='${prefix}/lib'
shorten_decoder=yes
shorten_demuxer=yes
siff_demuxer=yes
smackaud_decoder=yes
smacker_decoder=yes
smacker_demuxer=yes
smc_decoder=yes
snow_decoder=yes
snow_encoder=yes
sol_demuxer=yes
sol_dpcm_decoder=yes
sonic_decoder=yes
sonic_encoder=yes
sonic_ls_encoder=yes
source_path=/home/kaspar/project/gsoc_co3/gsoc_co2
source_path_used=no
sp5x_decoder=yes
ssse3=yes
ssse3_deps=x86
static=yes
str_demuxer=yes
strip=strip
stripping=yes
sunrast_decoder=yes
svq1_decoder=yes
svq1_encoder=yes
svq3_decoder=yes
swf_demuxer=yes
swf_muxer=yes
targa_decoder=yes
targa_encoder=yes
target_os=linux
tcp_protocol=yes
tcp_protocol_deps=network
text2movsub_bsf=yes
tg2_muxer=yes
tgp_muxer=yes
theora_decoder=yes
thp_decoder=yes
thp_demuxer=yes
tiertexseq_demuxer=yes
tiertexseqvideo_decoder=yes
tiff_decoder=yes
tiff_encoder=yes
truemotion1_decoder=yes
truemotion2_decoder=yes
truespeech_decoder=yes
tscc_decoder=yes
tta_decoder=yes
tta_demuxer=yes
txd_decoder=yes
txd_demuxer=yes
udp_protocol=yes
udp_protocol_deps=network
ulti_decoder=yes
v4l2_demuxer=yes
v4l2_demuxer_deps=linux_videodev2_h
v4l_demuxer=yes
v4l_demuxer_deps=linux_videodev_h
value=yes
var=extralibs
vb_decoder=yes
vc1_decoder=yes
vc1_demuxer=yes
vc1_parser=yes
vc1t_demuxer=yes
vcr1_decoder=yes
vfwcap_demuxer=yes
vfwcap_demuxer_deps=capCreateCaptureWindow
vfwcap_demuxer_extralibs=-lvfw32
vhook=default
vhook_extralibs='$ldl'
vis=yes
vis_deps=sparc
vmd_demuxer=yes
vmdaudio_decoder=yes
vmdvideo_decoder=yes
vmnc_decoder=yes
voc_demuxer=yes
voc_muxer=yes
vorbis_decoder=yes
vorbis_encoder=yes
vp3_decoder=yes
vp5_decoder=yes
vp6_decoder=yes
vp6a_decoder=yes
vp6f_decoder=yes
vqa_decoder=yes
wav_demuxer=yes
wav_muxer=yes
wavpack_decoder=yes
wc3_demuxer=yes
wmav1_decoder=yes
wmav1_encoder=yes
wmav2_decoder=yes
wmav2_encoder=yes
wmv1_decoder=yes
wmv1_encoder=yes
wmv2_decoder=yes
wmv2_encoder=yes
wmv3_decoder=yes
wnv1_decoder=yes
ws_snd1_decoder=yes
wsaud_demuxer=yes
wsvqa_demuxer=yes
wv_demuxer=yes
x11_grab_device_demuxer=yes
x11_grab_device_demuxer_deps='x11grab XShmCreateImage'
x11_grab_device_demuxer_extralibs='-lX11 -lXext'
xa_demuxer=yes
xan_dpcm_decoder=yes
xan_wc3_decoder=yes
xl_decoder=yes
xsub_decoder=yes
yuv4mpegpipe_demuxer=yes
yuv4mpegpipe_muxer=yes
zlib=yes
zlib_decoder=yes
zlib_encoder=yes
zmbv_decoder=yes
zmbv_decoder_deps=zlib
zmbv_encoder=yes
zmbv_encoder_deps=zlib
check_ld
check_cc
BEGIN /tmp/ffmpeg-conf-13386-2038-32100.c
    1	int main(void){ return 0; }
END /tmp/ffmpeg-conf-13386-2038-32100.c
gcc -fomit-frame-pointer -c -o /tmp/ffmpeg-conf-24362-2038-32747.o /tmp/ffmpeg-conf-13386-2038-32100.c
gcc -o /tmp/ffmpeg-conf-17466-2038-16269 /tmp/ffmpeg-conf-24362-2038-32747.o -lGLEW -lglut
check_cc
BEGIN /tmp/ffmpeg-conf-13386-2038-32100.c
    1	int ff_extern;
END /tmp/ffmpeg-conf-13386-2038-32100.c
gcc -fomit-frame-pointer -c -o /tmp/ffmpeg-conf-24362-2038-32747.o /tmp/ffmpeg-conf-13386-2038-32100.c
check_asm inline_asm ""
check_cc
BEGIN /tmp/ffmpeg-conf-13386-2038-32100.c
    1	int foo(void){ asm volatile(""); }
END /tmp/ffmpeg-conf-13386-2038-32100.c
gcc -fomit-frame-pointer -c -o /tmp/ffmpeg-conf-24362-2038-32747.o /tmp/ffmpeg-conf-13386-2038-32100.c
check_ld
check_cc
BEGIN /tmp/ffmpeg-conf-13386-2038-32100.c
    1	#include <signal.h>
    2	static void sighandler(int sig){
    3	    raise(SIGTERM);
    4	}
    5	int main(void){
    6	    signal(SIGILL, sighandler);
    7	    signal(SIGFPE, sighandler);
    8	    signal(SIGSEGV, sighandler);
    9	#ifdef SIGBUS
   10	    signal(SIGBUS, sighandler);
   11	#endif
   12	    {     volatile int i=0;
   13	    asm volatile (
   14	        "xorl %%ebp, %%ebp"
   15	    ::: "%ebp");
   16	    return i; }
   17	}
END /tmp/ffmpeg-conf-13386-2038-32100.c
gcc -fomit-frame-pointer -c -o /tmp/ffmpeg-conf-24362-2038-32747.o /tmp/ffmpeg-conf-13386-2038-32100.c
/tmp/ffmpeg-conf-13386-2038-32100.c: In function ‘main’:
/tmp/ffmpeg-conf-13386-2038-32100.c:17: error: bp cannot be used in asm here
check_asm ebx_available "":::"%ebx"
check_cc
BEGIN /tmp/ffmpeg-conf-13386-2038-32100.c
    1	int foo(void){ asm volatile("":::"%ebx"); }
END /tmp/ffmpeg-conf-13386-2038-32100.c
gcc -fomit-frame-pointer -c -o /tmp/ffmpeg-conf-24362-2038-32747.o /tmp/ffmpeg-conf-13386-2038-32100.c
check_asm ssse3 "pabsw %xmm0, %xmm0"
check_cc
BEGIN /tmp/ffmpeg-conf-13386-2038-32100.c
    1	int foo(void){ asm volatile("pabsw %xmm0, %xmm0"); }
END /tmp/ffmpeg-conf-13386-2038-32100.c
gcc -fomit-frame-pointer -c -o /tmp/ffmpeg-conf-24362-2038-32747.o /tmp/ffmpeg-conf-13386-2038-32100.c
check_asm mmx2 "movss %xmm0, %xmm0"
check_cc
BEGIN /tmp/ffmpeg-conf-13386-2038-32100.c
    1	int foo(void){ asm volatile("movss %xmm0, %xmm0"); }
END /tmp/ffmpeg-conf-13386-2038-32100.c
gcc -fomit-frame-pointer -c -o /tmp/ffmpeg-conf-24362-2038-32747.o /tmp/ffmpeg-conf-13386-2038-32100.c
check_asm bswap "bswap %%eax" ::: "%eax"
check_cc
BEGIN /tmp/ffmpeg-conf-13386-2038-32100.c
    1	int foo(void){ asm volatile("bswap %%eax" ::: "%eax"); }
END /tmp/ffmpeg-conf-13386-2038-32100.c
gcc -fomit-frame-pointer -c -o /tmp/ffmpeg-conf-24362-2038-32747.o /tmp/ffmpeg-conf-13386-2038-32100.c
check_cc
BEGIN /tmp/ffmpeg-conf-13386-2038-32100.c
    1	unsigned int endian = 'B' << 24 | 'I' << 16 | 'G' << 8 | 'E';
END /tmp/ffmpeg-conf-13386-2038-32100.c
gcc -fomit-frame-pointer -c -o /tmp/ffmpeg-conf-24362-2038-32747.o /tmp/ffmpeg-conf-13386-2038-32100.c
check_func dlopen
check_ld
check_cc
BEGIN /tmp/ffmpeg-conf-13386-2038-32100.c
    1	extern int dlopen();
    2	int main(void){ dlopen(); }
END /tmp/ffmpeg-conf-13386-2038-32100.c
gcc -fomit-frame-pointer -c -o /tmp/ffmpeg-conf-24362-2038-32747.o /tmp/ffmpeg-conf-13386-2038-32100.c
gcc -o /tmp/ffmpeg-conf-17466-2038-16269 /tmp/ffmpeg-conf-24362-2038-32747.o -lGLEW -lglut
check_func fork
check_ld
check_cc
BEGIN /tmp/ffmpeg-conf-13386-2038-32100.c
    1	extern int fork();
    2	int main(void){ fork(); }
END /tmp/ffmpeg-conf-13386-2038-32100.c
gcc -fomit-frame-pointer -c -o /tmp/ffmpeg-conf-24362-2038-32747.o /tmp/ffmpeg-conf-13386-2038-32100.c
gcc -o /tmp/ffmpeg-conf-17466-2038-16269 /tmp/ffmpeg-conf-24362-2038-32747.o -lGLEW -lglut
check_func gethrtime
check_ld
check_cc
BEGIN /tmp/ffmpeg-conf-13386-2038-32100.c
    1	extern int gethrtime();
    2	int main(void){ gethrtime(); }
END /tmp/ffmpeg-conf-13386-2038-32100.c
gcc -fomit-frame-pointer -c -o /tmp/ffmpeg-conf-24362-2038-32747.o /tmp/ffmpeg-conf-13386-2038-32100.c
gcc -o /tmp/ffmpeg-conf-17466-2038-16269 /tmp/ffmpeg-conf-24362-2038-32747.o -lGLEW -lglut
/tmp/ffmpeg-conf-24362-2038-32747.o: In function `main':
ffmpeg-conf-13386-2038-32100.c:(.text+0x7): undefined reference to `gethrtime'
collect2: ld returned 1 exit status
check_func getrusage
check_ld
check_cc
BEGIN /tmp/ffmpeg-conf-13386-2038-32100.c
    1	extern int getrusage();
    2	int main(void){ getrusage(); }
END /tmp/ffmpeg-conf-13386-2038-32100.c
gcc -fomit-frame-pointer -c -o /tmp/ffmpeg-conf-24362-2038-32747.o /tmp/ffmpeg-conf-13386-2038-32100.c
gcc -o /tmp/ffmpeg-conf-17466-2038-16269 /tmp/ffmpeg-conf-24362-2038-32747.o -lGLEW -lglut
check_func inet_aton
check_ld
check_cc
BEGIN /tmp/ffmpeg-conf-13386-2038-32100.c
    1	extern int inet_aton();
    2	int main(void){ inet_aton(); }
END /tmp/ffmpeg-conf-13386-2038-32100.c
gcc -fomit-frame-pointer -c -o /tmp/ffmpeg-conf-24362-2038-32747.o /tmp/ffmpeg-conf-13386-2038-32100.c
gcc -o /tmp/ffmpeg-conf-17466-2038-16269 /tmp/ffmpeg-conf-24362-2038-32747.o -lGLEW -lglut
check_func memalign
check_ld
check_cc
BEGIN /tmp/ffmpeg-conf-13386-2038-32100.c
    1	extern int memalign();
    2	int main(void){ memalign(); }
END /tmp/ffmpeg-conf-13386-2038-32100.c
gcc -fomit-frame-pointer -c -o /tmp/ffmpeg-conf-24362-2038-32747.o /tmp/ffmpeg-conf-13386-2038-32100.c
gcc -o /tmp/ffmpeg-conf-17466-2038-16269 /tmp/ffmpeg-conf-24362-2038-32747.o -lGLEW -lglut
check_func mkstemp
check_ld
check_cc
BEGIN /tmp/ffmpeg-conf-13386-2038-32100.c
    1	extern int mkstemp();
    2	int main(void){ mkstemp(); }
END /tmp/ffmpeg-conf-13386-2038-32100.c
gcc -fomit-frame-pointer -c -o /tmp/ffmpeg-conf-24362-2038-32747.o /tmp/ffmpeg-conf-13386-2038-32100.c
gcc -o /tmp/ffmpeg-conf-17466-2038-16269 /tmp/ffmpeg-conf-24362-2038-32747.o -lGLEW -lglut
check_func2 windows.h GetProcessTimes
check_ld
check_cc
BEGIN /tmp/ffmpeg-conf-13386-2038-32100.c
    1	
    2	#include <windows.h>
    3	int main(int argc, char **argv){
    4	    (void) GetProcessTimes;
    5	    return 0;
    6	}
END /tmp/ffmpeg-conf-13386-2038-32100.c
gcc -fomit-frame-pointer -c -o /tmp/ffmpeg-conf-24362-2038-32747.o /tmp/ffmpeg-conf-13386-2038-32100.c
/tmp/ffmpeg-conf-13386-2038-32100.c:2:21: error: windows.h: No such file or directory
/tmp/ffmpeg-conf-13386-2038-32100.c: In function ‘main’:
/tmp/ffmpeg-conf-13386-2038-32100.c:4: error: ‘GetProcessTimes’ undeclared (first use in this function)
/tmp/ffmpeg-conf-13386-2038-32100.c:4: error: (Each undeclared identifier is reported only once
/tmp/ffmpeg-conf-13386-2038-32100.c:4: error: for each function it appears in.)
check_header byteswap.h
check_cpp
BEGIN /tmp/ffmpeg-conf-13386-2038-32100.c
    1	#include <byteswap.h>
    2	int x;
END /tmp/ffmpeg-conf-13386-2038-32100.c
gcc -fomit-frame-pointer -E -o /tmp/ffmpeg-conf-24362-2038-32747.o /tmp/ffmpeg-conf-13386-2038-32100.c
check_header conio.h
check_cpp
BEGIN /tmp/ffmpeg-conf-13386-2038-32100.c
    1	#include <conio.h>
    2	int x;
END /tmp/ffmpeg-conf-13386-2038-32100.c
gcc -fomit-frame-pointer -E -o /tmp/ffmpeg-conf-24362-2038-32747.o /tmp/ffmpeg-conf-13386-2038-32100.c
/tmp/ffmpeg-conf-13386-2038-32100.c:1:19: error: conio.h: No such file or directory
check_header dlfcn.h
check_cpp
BEGIN /tmp/ffmpeg-conf-13386-2038-32100.c
    1	#include <dlfcn.h>
    2	int x;
END /tmp/ffmpeg-conf-13386-2038-32100.c
gcc -fomit-frame-pointer -E -o /tmp/ffmpeg-conf-24362-2038-32747.o /tmp/ffmpeg-conf-13386-2038-32100.c
check_header malloc.h
check_cpp
BEGIN /tmp/ffmpeg-conf-13386-2038-32100.c
    1	#include <malloc.h>
    2	int x;
END /tmp/ffmpeg-conf-13386-2038-32100.c
gcc -fomit-frame-pointer -E -o /tmp/ffmpeg-conf-24362-2038-32747.o /tmp/ffmpeg-conf-13386-2038-32100.c
check_header sys/mman.h
check_cpp
BEGIN /tmp/ffmpeg-conf-13386-2038-32100.c
    1	#include <sys/mman.h>
    2	int x;
END /tmp/ffmpeg-conf-13386-2038-32100.c
gcc -fomit-frame-pointer -E -o /tmp/ffmpeg-conf-24362-2038-32747.o /tmp/ffmpeg-conf-13386-2038-32100.c
check_header sys/resource.h
check_cpp
BEGIN /tmp/ffmpeg-conf-13386-2038-32100.c
    1	#include <sys/resource.h>
    2	int x;
END /tmp/ffmpeg-conf-13386-2038-32100.c
gcc -fomit-frame-pointer -E -o /tmp/ffmpeg-conf-24362-2038-32747.o /tmp/ffmpeg-conf-13386-2038-32100.c
check_header termios.h
check_cpp
BEGIN /tmp/ffmpeg-conf-13386-2038-32100.c
    1	#include <termios.h>
    2	int x;
END /tmp/ffmpeg-conf-13386-2038-32100.c
gcc -fomit-frame-pointer -E -o /tmp/ffmpeg-conf-24362-2038-32747.o /tmp/ffmpeg-conf-13386-2038-32100.c
check_lib zlib.h zlibVersion -lz
check_header zlib.h
check_cpp
BEGIN /tmp/ffmpeg-conf-13386-2038-32100.c
    1	#include <zlib.h>
    2	int x;
END /tmp/ffmpeg-conf-13386-2038-32100.c
gcc -fomit-frame-pointer -E -o /tmp/ffmpeg-conf-24362-2038-32747.o /tmp/ffmpeg-conf-13386-2038-32100.c
check_func zlibVersion
check_ld
check_cc
BEGIN /tmp/ffmpeg-conf-13386-2038-32100.c
    1	extern int zlibVersion();
    2	int main(void){ zlibVersion(); }
END /tmp/ffmpeg-conf-13386-2038-32100.c
gcc -fomit-frame-pointer -c -o /tmp/ffmpeg-conf-24362-2038-32747.o /tmp/ffmpeg-conf-13386-2038-32100.c
gcc -o /tmp/ffmpeg-conf-17466-2038-16269 /tmp/ffmpeg-conf-24362-2038-32747.o -lGLEW -lglut -lz
check_lib bzlib.h BZ2_bzlibVersion -lbz2
check_header bzlib.h
check_cpp
BEGIN /tmp/ffmpeg-conf-13386-2038-32100.c
    1	#include <bzlib.h>
    2	int x;
END /tmp/ffmpeg-conf-13386-2038-32100.c
gcc -fomit-frame-pointer -E -o /tmp/ffmpeg-conf-24362-2038-32747.o /tmp/ffmpeg-conf-13386-2038-32100.c
check_func BZ2_bzlibVersion
check_ld
check_cc
BEGIN /tmp/ffmpeg-conf-13386-2038-32100.c
    1	extern int BZ2_bzlibVersion();
    2	int main(void){ BZ2_bzlibVersion(); }
END /tmp/ffmpeg-conf-13386-2038-32100.c
gcc -fomit-frame-pointer -c -o /tmp/ffmpeg-conf-24362-2038-32747.o /tmp/ffmpeg-conf-13386-2038-32100.c
gcc -o /tmp/ffmpeg-conf-17466-2038-16269 /tmp/ffmpeg-conf-24362-2038-32747.o -lGLEW -lglut -lz -lbz2
check_header poll.h
check_cpp
BEGIN /tmp/ffmpeg-conf-13386-2038-32100.c
    1	#include <poll.h>
    2	int x;
END /tmp/ffmpeg-conf-13386-2038-32100.c
gcc -fomit-frame-pointer -E -o /tmp/ffmpeg-conf-24362-2038-32747.o /tmp/ffmpeg-conf-13386-2038-32100.c
check_header sys/select.h
check_cpp
BEGIN /tmp/ffmpeg-conf-13386-2038-32100.c
    1	#include <sys/select.h>
    2	int x;
END /tmp/ffmpeg-conf-13386-2038-32100.c
gcc -fomit-frame-pointer -E -o /tmp/ffmpeg-conf-24362-2038-32747.o /tmp/ffmpeg-conf-13386-2038-32100.c
check_lib math.h sin -lm
check_header math.h
check_cpp
BEGIN /tmp/ffmpeg-conf-13386-2038-32100.c
    1	#include <math.h>
    2	int x;
END /tmp/ffmpeg-conf-13386-2038-32100.c
gcc -fomit-frame-pointer -E -o /tmp/ffmpeg-conf-24362-2038-32747.o /tmp/ffmpeg-conf-13386-2038-32100.c
check_func sin
check_ld
check_cc
BEGIN /tmp/ffmpeg-conf-13386-2038-32100.c
    1	extern int sin();
    2	int main(void){ sin(); }
END /tmp/ffmpeg-conf-13386-2038-32100.c
gcc -fomit-frame-pointer -c -o /tmp/ffmpeg-conf-24362-2038-32747.o /tmp/ffmpeg-conf-13386-2038-32100.c
/tmp/ffmpeg-conf-13386-2038-32100.c:1: warning: conflicting types for built-in function ‘sin’
gcc -o /tmp/ffmpeg-conf-17466-2038-16269 /tmp/ffmpeg-conf-24362-2038-32747.o -lGLEW -lglut -lz -lbz2 -lm
check_ld
check_cc
BEGIN /tmp/ffmpeg-conf-13386-2038-32100.c
    1	#define _ISOC9X_SOURCE  1
    2	#include <math.h>
    3	int main(void) { return (llrint(3.999f) > 0)?0:1; }
END /tmp/ffmpeg-conf-13386-2038-32100.c
gcc -fomit-frame-pointer -c -o /tmp/ffmpeg-conf-24362-2038-32747.o /tmp/ffmpeg-conf-13386-2038-32100.c
gcc -o /tmp/ffmpeg-conf-17466-2038-16269 /tmp/ffmpeg-conf-24362-2038-32747.o -lGLEW -lglut -lz -lbz2 -lm
check_ld
check_cc
BEGIN /tmp/ffmpeg-conf-13386-2038-32100.c
    1	#define _ISOC9X_SOURCE  1
    2	#include <math.h>
    3	int main(void) { return (lrint(3.999f) > 0)?0:1; }
END /tmp/ffmpeg-conf-13386-2038-32100.c
gcc -fomit-frame-pointer -c -o /tmp/ffmpeg-conf-24362-2038-32747.o /tmp/ffmpeg-conf-13386-2038-32100.c
gcc -o /tmp/ffmpeg-conf-17466-2038-16269 /tmp/ffmpeg-conf-24362-2038-32747.o -lGLEW -lglut -lz -lbz2 -lm
check_ld
check_cc
BEGIN /tmp/ffmpeg-conf-13386-2038-32100.c
    1	#define _ISOC9X_SOURCE  1
    2	#include <math.h>
    3	int main(void) { return (lrintf(3.999f) > 0)?0:1; }
END /tmp/ffmpeg-conf-13386-2038-32100.c
gcc -fomit-frame-pointer -c -o /tmp/ffmpeg-conf-24362-2038-32747.o /tmp/ffmpeg-conf-13386-2038-32100.c
gcc -o /tmp/ffmpeg-conf-17466-2038-16269 /tmp/ffmpeg-conf-24362-2038-32747.o -lGLEW -lglut -lz -lbz2 -lm
check_ld
check_cc
BEGIN /tmp/ffmpeg-conf-13386-2038-32100.c
    1	#define _ISOC9X_SOURCE  1
    2	#include <math.h>
    3	int main(void) { return (round(3.999f) > 0)?0:1; }
END /tmp/ffmpeg-conf-13386-2038-32100.c
gcc -fomit-frame-pointer -c -o /tmp/ffmpeg-conf-24362-2038-32747.o /tmp/ffmpeg-conf-13386-2038-32100.c
gcc -o /tmp/ffmpeg-conf-17466-2038-16269 /tmp/ffmpeg-conf-24362-2038-32747.o -lGLEW -lglut -lz -lbz2 -lm
check_ld
check_cc
BEGIN /tmp/ffmpeg-conf-13386-2038-32100.c
    1	#define _ISOC9X_SOURCE  1
    2	#include <math.h>
    3	int main(void) { return (roundf(3.999f) > 0)?0:1; }
END /tmp/ffmpeg-conf-13386-2038-32100.c
gcc -fomit-frame-pointer -c -o /tmp/ffmpeg-conf-24362-2038-32747.o /tmp/ffmpeg-conf-13386-2038-32100.c
gcc -o /tmp/ffmpeg-conf-17466-2038-16269 /tmp/ffmpeg-conf-24362-2038-32747.o -lGLEW -lglut -lz -lbz2 -lm
check_cc
BEGIN /tmp/ffmpeg-conf-13386-2038-32100.c
    1	void foo(char * restrict p);
END /tmp/ffmpeg-conf-13386-2038-32100.c
gcc -fomit-frame-pointer -c -o /tmp/ffmpeg-conf-24362-2038-32747.o /tmp/ffmpeg-conf-13386-2038-32100.c
/tmp/ffmpeg-conf-13386-2038-32100.c:1: error: expected ‘;’, ‘,’ or ‘)’ before ‘p’
check_cc
BEGIN /tmp/ffmpeg-conf-13386-2038-32100.c
    1	void foo(char * __restrict__ p);
END /tmp/ffmpeg-conf-13386-2038-32100.c
gcc -fomit-frame-pointer -c -o /tmp/ffmpeg-conf-24362-2038-32747.o /tmp/ffmpeg-conf-13386-2038-32100.c
check_ldflags -rdynamic
check_ld -rdynamic
check_cc
BEGIN /tmp/ffmpeg-conf-13386-2038-32100.c
    1	int main(void){ return 0; }
END /tmp/ffmpeg-conf-13386-2038-32100.c
gcc -fomit-frame-pointer -c -o /tmp/ffmpeg-conf-24362-2038-32747.o /tmp/ffmpeg-conf-13386-2038-32100.c
gcc -rdynamic -o /tmp/ffmpeg-conf-17466-2038-16269 /tmp/ffmpeg-conf-24362-2038-32747.o -lGLEW -lglut -lz -lbz2 -lm
check_ldflags -export-dynamic
check_ld -export-dynamic
check_cc
BEGIN /tmp/ffmpeg-conf-13386-2038-32100.c
    1	int main(void){ return 0; }
END /tmp/ffmpeg-conf-13386-2038-32100.c
gcc -fomit-frame-pointer -c -o /tmp/ffmpeg-conf-24362-2038-32747.o /tmp/ffmpeg-conf-13386-2038-32100.c
gcc -rdynamic -export-dynamic -o /tmp/ffmpeg-conf-17466-2038-16269 /tmp/ffmpeg-conf-24362-2038-32747.o -lGLEW -lglut -lz -lbz2 -lm
imlib2-config --version
1.4.2
check_lib Imlib2.h imlib_load_font
check_header Imlib2.h
check_cpp
BEGIN /tmp/ffmpeg-conf-13386-2038-32100.c
    1	#include <Imlib2.h>
    2	int x;
END /tmp/ffmpeg-conf-13386-2038-32100.c
gcc -fomit-frame-pointer -E -o /tmp/ffmpeg-conf-24362-2038-32747.o /tmp/ffmpeg-conf-13386-2038-32100.c
check_func imlib_load_font
check_ld
check_cc
BEGIN /tmp/ffmpeg-conf-13386-2038-32100.c
    1	extern int imlib_load_font();
    2	int main(void){ imlib_load_font(); }
END /tmp/ffmpeg-conf-13386-2038-32100.c
gcc -fomit-frame-pointer -c -o /tmp/ffmpeg-conf-24362-2038-32747.o /tmp/ffmpeg-conf-13386-2038-32100.c
gcc -rdynamic -export-dynamic -o /tmp/ffmpeg-conf-17466-2038-16269 /tmp/ffmpeg-conf-24362-2038-32747.o -lGLEW -lglut -lz -lbz2 -lm -L/usr/lib -lImlib2 -lfreetype -lz -L/usr/lib -lX11 -lXext -ldl -lm
freetype-config --version
10.0.4
check_lib ft2build.h FT_Init_FreeType
check_header ft2build.h
check_cpp
BEGIN /tmp/ffmpeg-conf-13386-2038-32100.c
    1	#include <ft2build.h>
    2	int x;
END /tmp/ffmpeg-conf-13386-2038-32100.c
gcc -fomit-frame-pointer -I/usr/include/freetype2 -E -o /tmp/ffmpeg-conf-24362-2038-32747.o /tmp/ffmpeg-conf-13386-2038-32100.c
check_func FT_Init_FreeType
check_ld
check_cc
BEGIN /tmp/ffmpeg-conf-13386-2038-32100.c
    1	extern int FT_Init_FreeType();
    2	int main(void){ FT_Init_FreeType(); }
END /tmp/ffmpeg-conf-13386-2038-32100.c
gcc -fomit-frame-pointer -I/usr/include/freetype2 -c -o /tmp/ffmpeg-conf-24362-2038-32747.o /tmp/ffmpeg-conf-13386-2038-32100.c
gcc -rdynamic -export-dynamic -o /tmp/ffmpeg-conf-17466-2038-16269 /tmp/ffmpeg-conf-24362-2038-32747.o -lGLEW -lglut -lz -lbz2 -lm -lfreetype -lz
check_lib2 SDL.h SDL_Init
check_func2 SDL.h SDL_Init
check_ld
check_cc
BEGIN /tmp/ffmpeg-conf-13386-2038-32100.c
    1	
    2	#include <SDL.h>
    3	int main(int argc, char **argv){
    4	    (void) SDL_Init;
    5	    return 0;
    6	}
END /tmp/ffmpeg-conf-13386-2038-32100.c
gcc -fomit-frame-pointer -I/usr/include/SDL -D_GNU_SOURCE=1 -D_REENTRANT -c -o /tmp/ffmpeg-conf-24362-2038-32747.o /tmp/ffmpeg-conf-13386-2038-32100.c
gcc -rdynamic -export-dynamic -o /tmp/ffmpeg-conf-17466-2038-16269 /tmp/ffmpeg-conf-24362-2038-32747.o -lGLEW -lglut -lz -lbz2 -lm -L/usr/lib -lSDL -lpthread
check_cc -I/usr/include/SDL -D_GNU_SOURCE=1 -D_REENTRANT
BEGIN /tmp/ffmpeg-conf-13386-2038-32100.c
    1	#include <SDL.h>
    2	int main(int argc, char **argv){
    3	    const SDL_VideoInfo *vi = SDL_GetVideoInfo();
    4	    int w = vi->current_w;
    5	    return 0;
    6	}
END /tmp/ffmpeg-conf-13386-2038-32100.c
gcc -fomit-frame-pointer -I/usr/include/SDL -D_GNU_SOURCE=1 -D_REENTRANT -c -o /tmp/ffmpeg-conf-24362-2038-32747.o /tmp/ffmpeg-conf-13386-2038-32100.c
check_type sys/socket.h socklen_t
check_cc
BEGIN /tmp/ffmpeg-conf-13386-2038-32100.c
    1	
    2	#include <sys/socket.h>
    3	socklen_t v;
END /tmp/ffmpeg-conf-13386-2038-32100.c
gcc -fomit-frame-pointer -c -o /tmp/ffmpeg-conf-24362-2038-32747.o /tmp/ffmpeg-conf-13386-2038-32100.c
check_header arpa/inet.h
check_cpp
BEGIN /tmp/ffmpeg-conf-13386-2038-32100.c
    1	#include <arpa/inet.h>
    2	int x;
END /tmp/ffmpeg-conf-13386-2038-32100.c
gcc -fomit-frame-pointer -E -o /tmp/ffmpeg-conf-24362-2038-32747.o /tmp/ffmpeg-conf-13386-2038-32100.c
check_func closesocket
check_ld
check_cc
BEGIN /tmp/ffmpeg-conf-13386-2038-32100.c
    1	extern int closesocket();
    2	int main(void){ closesocket(); }
END /tmp/ffmpeg-conf-13386-2038-32100.c
gcc -fomit-frame-pointer -c -o /tmp/ffmpeg-conf-24362-2038-32747.o /tmp/ffmpeg-conf-13386-2038-32100.c
gcc -rdynamic -export-dynamic -o /tmp/ffmpeg-conf-17466-2038-16269 /tmp/ffmpeg-conf-24362-2038-32747.o -lGLEW -lglut -lz -lbz2 -lm
/tmp/ffmpeg-conf-24362-2038-32747.o: In function `main':
ffmpeg-conf-13386-2038-32100.c:(.text+0x7): undefined reference to `closesocket'
collect2: ld returned 1 exit status
check_ld
check_cc
BEGIN /tmp/ffmpeg-conf-13386-2038-32100.c
    1	#include <sys/types.h>
    2	#include <sys/socket.h>
    3	#include <netinet/in.h>
    4	#include <netdb.h>
    5	int main(void) {
    6	    struct sockaddr_storage saddr;
    7	    struct ipv6_mreq mreq6;
    8	    getaddrinfo(0,0,0,0);
    9	    getnameinfo(0,0,0,0,0,0,0);
   10	    IN6_IS_ADDR_MULTICAST((const struct in6_addr *)0);
   11	}
END /tmp/ffmpeg-conf-13386-2038-32100.c
gcc -fomit-frame-pointer -c -o /tmp/ffmpeg-conf-24362-2038-32747.o /tmp/ffmpeg-conf-13386-2038-32100.c
gcc -rdynamic -export-dynamic -o /tmp/ffmpeg-conf-17466-2038-16269 /tmp/ffmpeg-conf-24362-2038-32747.o -lGLEW -lglut -lz -lbz2 -lm
check_header linux/videodev.h
check_cpp
BEGIN /tmp/ffmpeg-conf-13386-2038-32100.c
    1	#include <linux/videodev.h>
    2	int x;
END /tmp/ffmpeg-conf-13386-2038-32100.c
gcc -fomit-frame-pointer -E -o /tmp/ffmpeg-conf-24362-2038-32747.o /tmp/ffmpeg-conf-13386-2038-32100.c
check_header linux/videodev2.h
check_cpp
BEGIN /tmp/ffmpeg-conf-13386-2038-32100.c
    1	#include <linux/videodev2.h>
    2	int x;
END /tmp/ffmpeg-conf-13386-2038-32100.c
gcc -fomit-frame-pointer -E -o /tmp/ffmpeg-conf-24362-2038-32747.o /tmp/ffmpeg-conf-13386-2038-32100.c
check_func2 windows.h vfw.h capCreateCaptureWindow -lvfw32
check_ld -lvfw32
check_cc
BEGIN /tmp/ffmpeg-conf-13386-2038-32100.c
    1	
    2	#include <windows.h>
    3	#include <vfw.h>
    4	int main(int argc, char **argv){
    5	    (void) capCreateCaptureWindow;
    6	    return 0;
    7	}
END /tmp/ffmpeg-conf-13386-2038-32100.c
gcc -fomit-frame-pointer -c -o /tmp/ffmpeg-conf-24362-2038-32747.o /tmp/ffmpeg-conf-13386-2038-32100.c
/tmp/ffmpeg-conf-13386-2038-32100.c:2:21: error: windows.h: No such file or directory
/tmp/ffmpeg-conf-13386-2038-32100.c:3:17: error: vfw.h: No such file or directory
/tmp/ffmpeg-conf-13386-2038-32100.c: In function ‘main’:
/tmp/ffmpeg-conf-13386-2038-32100.c:5: error: ‘capCreateCaptureWindow’ undeclared (first use in this function)
/tmp/ffmpeg-conf-13386-2038-32100.c:5: error: (Each undeclared identifier is reported only once
/tmp/ffmpeg-conf-13386-2038-32100.c:5: error: for each function it appears in.)
check_header dev/bktr/ioctl_meteor.h
check_cpp
BEGIN /tmp/ffmpeg-conf-13386-2038-32100.c
    1	#include <dev/bktr/ioctl_meteor.h>
    2	int x;
END /tmp/ffmpeg-conf-13386-2038-32100.c
gcc -fomit-frame-pointer -E -o /tmp/ffmpeg-conf-24362-2038-32747.o /tmp/ffmpeg-conf-13386-2038-32100.c
/tmp/ffmpeg-conf-13386-2038-32100.c:1:35: error: dev/bktr/ioctl_meteor.h: No such file or directory
check_header machine/ioctl_meteor.h
check_cpp
BEGIN /tmp/ffmpeg-conf-13386-2038-32100.c
    1	#include <machine/ioctl_meteor.h>
    2	int x;
END /tmp/ffmpeg-conf-13386-2038-32100.c
gcc -fomit-frame-pointer -E -o /tmp/ffmpeg-conf-24362-2038-32747.o /tmp/ffmpeg-conf-13386-2038-32100.c
/tmp/ffmpeg-conf-13386-2038-32100.c:1:34: error: machine/ioctl_meteor.h: No such file or directory
check_header dev/video/meteor/ioctl_meteor.h
check_cpp
BEGIN /tmp/ffmpeg-conf-13386-2038-32100.c
    1	#include <dev/video/meteor/ioctl_meteor.h>
    2	int x;
END /tmp/ffmpeg-conf-13386-2038-32100.c
gcc -fomit-frame-pointer -E -o /tmp/ffmpeg-conf-24362-2038-32747.o /tmp/ffmpeg-conf-13386-2038-32100.c
/tmp/ffmpeg-conf-13386-2038-32100.c:1:43: error: dev/video/meteor/ioctl_meteor.h: No such file or directory
check_header dev/ic/bt8xx.h
check_cpp
BEGIN /tmp/ffmpeg-conf-13386-2038-32100.c
    1	#include <dev/ic/bt8xx.h>
    2	int x;
END /tmp/ffmpeg-conf-13386-2038-32100.c
gcc -fomit-frame-pointer -E -o /tmp/ffmpeg-conf-24362-2038-32747.o /tmp/ffmpeg-conf-13386-2038-32100.c
/tmp/ffmpeg-conf-13386-2038-32100.c:1:26: error: dev/ic/bt8xx.h: No such file or directory
check_header sys/soundcard.h
check_cpp
BEGIN /tmp/ffmpeg-conf-13386-2038-32100.c
    1	#include <sys/soundcard.h>
    2	int x;
END /tmp/ffmpeg-conf-13386-2038-32100.c
gcc -fomit-frame-pointer -E -o /tmp/ffmpeg-conf-24362-2038-32747.o /tmp/ffmpeg-conf-13386-2038-32100.c
check_header soundcard.h
check_cpp
BEGIN /tmp/ffmpeg-conf-13386-2038-32100.c
    1	#include <soundcard.h>
    2	int x;
END /tmp/ffmpeg-conf-13386-2038-32100.c
gcc -fomit-frame-pointer -E -o /tmp/ffmpeg-conf-24362-2038-32747.o /tmp/ffmpeg-conf-13386-2038-32100.c
/tmp/ffmpeg-conf-13386-2038-32100.c:1:23: error: soundcard.h: No such file or directory
check_cflags -Wdeclaration-after-statement
check_cc -Wdeclaration-after-statement
BEGIN /tmp/ffmpeg-conf-13386-2038-32100.c
    1	int x;
END /tmp/ffmpeg-conf-13386-2038-32100.c
gcc -fomit-frame-pointer -g -Wdeclaration-after-statement -c -o /tmp/ffmpeg-conf-24362-2038-32747.o /tmp/ffmpeg-conf-13386-2038-32100.c
check_cflags -Wall
check_cc -Wall
BEGIN /tmp/ffmpeg-conf-13386-2038-32100.c
    1	int x;
END /tmp/ffmpeg-conf-13386-2038-32100.c
gcc -fomit-frame-pointer -g -Wdeclaration-after-statement -Wall -c -o /tmp/ffmpeg-conf-24362-2038-32747.o /tmp/ffmpeg-conf-13386-2038-32100.c
check_cflags -Wno-switch
check_cc -Wno-switch
BEGIN /tmp/ffmpeg-conf-13386-2038-32100.c
    1	int x;
END /tmp/ffmpeg-conf-13386-2038-32100.c
gcc -fomit-frame-pointer -g -Wdeclaration-after-statement -Wall -Wno-switch -c -o /tmp/ffmpeg-conf-24362-2038-32747.o /tmp/ffmpeg-conf-13386-2038-32100.c
check_cflags -Wdisabled-optimization
check_cc -Wdisabled-optimization
BEGIN /tmp/ffmpeg-conf-13386-2038-32100.c
    1	int x;
END /tmp/ffmpeg-conf-13386-2038-32100.c
gcc -fomit-frame-pointer -g -Wdeclaration-after-statement -Wall -Wno-switch -Wdisabled-optimization -c -o /tmp/ffmpeg-conf-24362-2038-32747.o /tmp/ffmpeg-conf-13386-2038-32100.c
check_cflags -Wpointer-arith
check_cc -Wpointer-arith
BEGIN /tmp/ffmpeg-conf-13386-2038-32100.c
    1	int x;
END /tmp/ffmpeg-conf-13386-2038-32100.c
gcc -fomit-frame-pointer -g -Wdeclaration-after-statement -Wall -Wno-switch -Wdisabled-optimization -Wpointer-arith -c -o /tmp/ffmpeg-conf-24362-2038-32747.o /tmp/ffmpeg-conf-13386-2038-32100.c
check_cflags -Wredundant-decls
check_cc -Wredundant-decls
BEGIN /tmp/ffmpeg-conf-13386-2038-32100.c
    1	int x;
END /tmp/ffmpeg-conf-13386-2038-32100.c
gcc -fomit-frame-pointer -g -Wdeclaration-after-statement -Wall -Wno-switch -Wdisabled-optimization -Wpointer-arith -Wredundant-decls -c -o /tmp/ffmpeg-conf-24362-2038-32747.o /tmp/ffmpeg-conf-13386-2038-32100.c
check_cflags -Wno-pointer-sign
check_cc -Wno-pointer-sign
BEGIN /tmp/ffmpeg-conf-13386-2038-32100.c
    1	int x;
END /tmp/ffmpeg-conf-13386-2038-32100.c
gcc -fomit-frame-pointer -g -Wdeclaration-after-statement -Wall -Wno-switch -Wdisabled-optimization -Wpointer-arith -Wredundant-decls -Wno-pointer-sign -c -o /tmp/ffmpeg-conf-24362-2038-32747.o /tmp/ffmpeg-conf-13386-2038-32100.c
check_cflags -Wcast-qual
check_cc -Wcast-qual
BEGIN /tmp/ffmpeg-conf-13386-2038-32100.c
    1	int x;
END /tmp/ffmpeg-conf-13386-2038-32100.c
gcc -fomit-frame-pointer -g -Wdeclaration-after-statement -Wall -Wno-switch -Wdisabled-optimization -Wpointer-arith -Wredundant-decls -Wno-pointer-sign -Wcast-qual -c -o /tmp/ffmpeg-conf-24362-2038-32747.o /tmp/ffmpeg-conf-13386-2038-32100.c
check_cflags -Wwrite-strings
check_cc -Wwrite-strings
BEGIN /tmp/ffmpeg-conf-13386-2038-32100.c
    1	int x;
END /tmp/ffmpeg-conf-13386-2038-32100.c
gcc -fomit-frame-pointer -g -Wdeclaration-after-statement -Wall -Wno-switch -Wdisabled-optimization -Wpointer-arith -Wredundant-decls -Wno-pointer-sign -Wcast-qual -Wwrite-strings -c -o /tmp/ffmpeg-conf-24362-2038-32747.o /tmp/ffmpeg-conf-13386-2038-32100.c
check_cflags -Wtype-limits
check_cc -Wtype-limits
BEGIN /tmp/ffmpeg-conf-13386-2038-32100.c
    1	int x;
END /tmp/ffmpeg-conf-13386-2038-32100.c
gcc -fomit-frame-pointer -g -Wdeclaration-after-statement -Wall -Wno-switch -Wdisabled-optimization -Wpointer-arith -Wredundant-decls -Wno-pointer-sign -Wcast-qual -Wwrite-strings -Wtype-limits -c -o /tmp/ffmpeg-conf-24362-2038-32747.o /tmp/ffmpeg-conf-13386-2038-32100.c
check_ldflags -Wl,--warn-common
check_ld -Wl,--warn-common
check_cc
BEGIN /tmp/ffmpeg-conf-13386-2038-32100.c
    1	int main(void){ return 0; }
END /tmp/ffmpeg-conf-13386-2038-32100.c
gcc -fomit-frame-pointer -g -Wdeclaration-after-statement -Wall -Wno-switch -Wdisabled-optimization -Wpointer-arith -Wredundant-decls -Wno-pointer-sign -Wcast-qual -Wwrite-strings -Wtype-limits -c -o /tmp/ffmpeg-conf-24362-2038-32747.o /tmp/ffmpeg-conf-13386-2038-32100.c
gcc -rdynamic -export-dynamic -Wl,--warn-common -o /tmp/ffmpeg-conf-17466-2038-16269 /tmp/ffmpeg-conf-24362-2038-32747.o -lGLEW -lglut -lz -lbz2 -lm
check_ldflags -Wl,--as-needed -Wl,-rpath-link,\$(BUILD_ROOT)/libpostproc -Wl,-rpath-link,\$(BUILD_ROOT)/libswscale -Wl,-rpath-link,\$(BUILD_ROOT)/libavfilter -Wl,-rpath-link,\$(BUILD_ROOT)/libavdevice -Wl,-rpath-link,\$(BUILD_ROOT)/libavformat -Wl,-rpath-link,\$(BUILD_ROOT)/libavcodec -Wl,-rpath-link,\$(BUILD_ROOT)/libavutil
check_ld -Wl,--as-needed -Wl,-rpath-link,\$(BUILD_ROOT)/libpostproc -Wl,-rpath-link,\$(BUILD_ROOT)/libswscale -Wl,-rpath-link,\$(BUILD_ROOT)/libavfilter -Wl,-rpath-link,\$(BUILD_ROOT)/libavdevice -Wl,-rpath-link,\$(BUILD_ROOT)/libavformat -Wl,-rpath-link,\$(BUILD_ROOT)/libavcodec -Wl,-rpath-link,\$(BUILD_ROOT)/libavutil
check_cc
BEGIN /tmp/ffmpeg-conf-13386-2038-32100.c
    1	int main(void){ return 0; }
END /tmp/ffmpeg-conf-13386-2038-32100.c
gcc -fomit-frame-pointer -g -Wdeclaration-after-statement -Wall -Wno-switch -Wdisabled-optimization -Wpointer-arith -Wredundant-decls -Wno-pointer-sign -Wcast-qual -Wwrite-strings -Wtype-limits -c -o /tmp/ffmpeg-conf-24362-2038-32747.o /tmp/ffmpeg-conf-13386-2038-32100.c
gcc -rdynamic -export-dynamic -Wl,--warn-common -Wl,--as-needed -Wl,-rpath-link,\$(BUILD_ROOT)/libpostproc -Wl,-rpath-link,\$(BUILD_ROOT)/libswscale -Wl,-rpath-link,\$(BUILD_ROOT)/libavfilter -Wl,-rpath-link,\$(BUILD_ROOT)/libavdevice -Wl,-rpath-link,\$(BUILD_ROOT)/libavformat -Wl,-rpath-link,\$(BUILD_ROOT)/libavcodec -Wl,-rpath-link,\$(BUILD_ROOT)/libavutil -o /tmp/ffmpeg-conf-17466-2038-16269 /tmp/ffmpeg-conf-24362-2038-32747.o -lGLEW -lglut -lz -lbz2 -lm
check_ldflags -Wl,-Bsymbolic
check_ld -Wl,-Bsymbolic
check_cc
BEGIN /tmp/ffmpeg-conf-13386-2038-32100.c
    1	int main(void){ return 0; }
END /tmp/ffmpeg-conf-13386-2038-32100.c
gcc -fomit-frame-pointer -g -Wdeclaration-after-statement -Wall -Wno-switch -Wdisabled-optimization -Wpointer-arith -Wredundant-decls -Wno-pointer-sign -Wcast-qual -Wwrite-strings -Wtype-limits -c -o /tmp/ffmpeg-conf-24362-2038-32747.o /tmp/ffmpeg-conf-13386-2038-32100.c
gcc -rdynamic -export-dynamic -Wl,--warn-common -Wl,--as-needed -Wl,-rpath-link,$(BUILD_ROOT)/libpostproc -Wl,-rpath-link,$(BUILD_ROOT)/libswscale -Wl,-rpath-link,$(BUILD_ROOT)/libavfilter -Wl,-rpath-link,$(BUILD_ROOT)/libavdevice -Wl,-rpath-link,$(BUILD_ROOT)/libavformat -Wl,-rpath-link,$(BUILD_ROOT)/libavcodec -Wl,-rpath-link,$(BUILD_ROOT)/libavutil -Wl,-Bsymbolic -o /tmp/ffmpeg-conf-17466-2038-16269 /tmp/ffmpeg-conf-24362-2038-32747.o -lGLEW -lglut -lz -lbz2 -lm
check_cflags -fno-math-errno
check_cc -fno-math-errno
BEGIN /tmp/ffmpeg-conf-13386-2038-32100.c
    1	int x;
END /tmp/ffmpeg-conf-13386-2038-32100.c
gcc -fomit-frame-pointer -g -Wdeclaration-after-statement -Wall -Wno-switch -Wdisabled-optimization -Wpointer-arith -Wredundant-decls -Wno-pointer-sign -Wcast-qual -Wwrite-strings -Wtype-limits -O3 -fno-math-errno -c -o /tmp/ffmpeg-conf-24362-2038-32747.o /tmp/ffmpeg-conf-13386-2038-32100.c
check_cflags -fno-signed-zeros
check_cc -fno-signed-zeros
BEGIN /tmp/ffmpeg-conf-13386-2038-32100.c
    1	int x;
END /tmp/ffmpeg-conf-13386-2038-32100.c
gcc -fomit-frame-pointer -g -Wdeclaration-after-statement -Wall -Wno-switch -Wdisabled-optimization -Wpointer-arith -Wredundant-decls -Wno-pointer-sign -Wcast-qual -Wwrite-strings -Wtype-limits -O3 -fno-math-errno -fno-signed-zeros -c -o /tmp/ffmpeg-conf-24362-2038-32747.o /tmp/ffmpeg-conf-13386-2038-32100.c
check_cc
BEGIN /tmp/ffmpeg-conf-13386-2038-32100.c
    1	asm (".align 3");
END /tmp/ffmpeg-conf-13386-2038-32100.c
gcc -fomit-frame-pointer -g -Wdeclaration-after-statement -Wall -Wno-switch -Wdisabled-optimization -Wpointer-arith -Wredundant-decls -Wno-pointer-sign -Wcast-qual -Wwrite-strings -Wtype-limits -O3 -fno-math-errno -fno-signed-zeros -c -o /tmp/ffmpeg-conf-24362-2038-32747.o /tmp/ffmpeg-conf-13386-2038-32100.c
/tmp/ccSQ9Uhh.s: Assembler messages:
/tmp/ccSQ9Uhh.s:12: Error: alignment not a power of 2
